[2022-11-29 14:58:23] [INFO ] [OdontologoDAOH2:38] Se creó la tabla
[2022-11-29 14:58:23] [INFO ] [OdontologoDAOH2:38] Se creó la tabla
[2022-11-29 14:58:23] [INFO ] [OdontologoDAOH2:38] Se creó la tabla
[2022-11-29 14:58:23] [INFO ] [OdontologoDAOH2:38] Se creó la tabla
[2022-11-29 14:58:23] [INFO ] [OdontologoDAOH2:38] Se creó la tabla
[2022-11-29 14:58:23] [INFO ] [OdontologoDAOH2:38] Se creó la tabla
[2022-11-29 15:02:04] [INFO ] [OdontologoDAOH2:38] Se creó la tabla
[2022-11-29 15:02:44] [INFO ] [OdontologoDAOH2:38] Se creó la tabla
[2022-11-29 15:49:25] [ERROR] [PacienteDAOH2:40] Se presento un problema al crear la tabla: 
java.lang.NullPointerException: Cannot invoke "java.sql.Connection.createStatement()" because "this.conexion.conn" is null
	at AdrianOlmos.ProyectoFinalBack.Repositorio.Implementaciones.PacienteDAOH2.CrearTabla(PacienteDAOH2.java:35)
	at AdrianOlmos.ProyectoFinalBack.Servicio.PacienteServicio.crearTabla(PacienteServicio.java:17)
	at AdrianOlmos.ProyectoFinalBack.PacienteDAOH2Test.listarPaciente(PacienteDAOH2Test.java:71)
	at java.base/jdk.internal.reflect.NativeMethodAccessorImpl.invoke0(Native Method)
	at java.base/jdk.internal.reflect.NativeMethodAccessorImpl.invoke(NativeMethodAccessorImpl.java:77)
	at java.base/jdk.internal.reflect.DelegatingMethodAccessorImpl.invoke(DelegatingMethodAccessorImpl.java:43)
	at java.base/java.lang.reflect.Method.invoke(Method.java:568)
	at org.junit.platform.commons.util.ReflectionUtils.invokeMethod(ReflectionUtils.java:727)
	at org.junit.jupiter.engine.execution.MethodInvocation.proceed(MethodInvocation.java:60)
	at org.junit.jupiter.engine.execution.InvocationInterceptorChain$ValidatingInvocation.proceed(InvocationInterceptorChain.java:131)
	at org.junit.jupiter.engine.extension.TimeoutExtension.intercept(TimeoutExtension.java:156)
	at org.junit.jupiter.engine.extension.TimeoutExtension.interceptTestableMethod(TimeoutExtension.java:147)
	at org.junit.jupiter.engine.extension.TimeoutExtension.interceptTestMethod(TimeoutExtension.java:86)
	at org.junit.jupiter.engine.execution.InterceptingExecutableInvoker$ReflectiveInterceptorCall.lambda$ofVoidMethod$0(InterceptingExecutableInvoker.java:103)
	at org.junit.jupiter.engine.execution.InterceptingExecutableInvoker.lambda$invoke$0(InterceptingExecutableInvoker.java:93)
	at org.junit.jupiter.engine.execution.InvocationInterceptorChain$InterceptedInvocation.proceed(InvocationInterceptorChain.java:106)
	at org.junit.jupiter.engine.execution.InvocationInterceptorChain.proceed(InvocationInterceptorChain.java:64)
	at org.junit.jupiter.engine.execution.InvocationInterceptorChain.chainAndInvoke(InvocationInterceptorChain.java:45)
	at org.junit.jupiter.engine.execution.InvocationInterceptorChain.invoke(InvocationInterceptorChain.java:37)
	at org.junit.jupiter.engine.execution.InterceptingExecutableInvoker.invoke(InterceptingExecutableInvoker.java:92)
	at org.junit.jupiter.engine.execution.InterceptingExecutableInvoker.invoke(InterceptingExecutableInvoker.java:86)
	at org.junit.jupiter.engine.descriptor.TestMethodTestDescriptor.lambda$invokeTestMethod$7(TestMethodTestDescriptor.java:217)
	at org.junit.platform.engine.support.hierarchical.ThrowableCollector.execute(ThrowableCollector.java:73)
	at org.junit.jupiter.engine.descriptor.TestMethodTestDescriptor.invokeTestMethod(TestMethodTestDescriptor.java:213)
	at org.junit.jupiter.engine.descriptor.TestMethodTestDescriptor.execute(TestMethodTestDescriptor.java:138)
	at org.junit.jupiter.engine.descriptor.TestMethodTestDescriptor.execute(TestMethodTestDescriptor.java:68)
	at org.junit.platform.engine.support.hierarchical.NodeTestTask.lambda$executeRecursively$6(NodeTestTask.java:151)
	at org.junit.platform.engine.support.hierarchical.ThrowableCollector.execute(ThrowableCollector.java:73)
	at org.junit.platform.engine.support.hierarchical.NodeTestTask.lambda$executeRecursively$8(NodeTestTask.java:141)
	at org.junit.platform.engine.support.hierarchical.Node.around(Node.java:137)
	at org.junit.platform.engine.support.hierarchical.NodeTestTask.lambda$executeRecursively$9(NodeTestTask.java:139)
	at org.junit.platform.engine.support.hierarchical.ThrowableCollector.execute(ThrowableCollector.java:73)
	at org.junit.platform.engine.support.hierarchical.NodeTestTask.executeRecursively(NodeTestTask.java:138)
	at org.junit.platform.engine.support.hierarchical.NodeTestTask.execute(NodeTestTask.java:95)
	at java.base/java.util.ArrayList.forEach(ArrayList.java:1511)
	at org.junit.platform.engine.support.hierarchical.SameThreadHierarchicalTestExecutorService.invokeAll(SameThreadHierarchicalTestExecutorService.java:41)
	at org.junit.platform.engine.support.hierarchical.NodeTestTask.lambda$executeRecursively$6(NodeTestTask.java:155)
	at org.junit.platform.engine.support.hierarchical.ThrowableCollector.execute(ThrowableCollector.java:73)
	at org.junit.platform.engine.support.hierarchical.NodeTestTask.lambda$executeRecursively$8(NodeTestTask.java:141)
	at org.junit.platform.engine.support.hierarchical.Node.around(Node.java:137)
	at org.junit.platform.engine.support.hierarchical.NodeTestTask.lambda$executeRecursively$9(NodeTestTask.java:139)
	at org.junit.platform.engine.support.hierarchical.ThrowableCollector.execute(ThrowableCollector.java:73)
	at org.junit.platform.engine.support.hierarchical.NodeTestTask.executeRecursively(NodeTestTask.java:138)
	at org.junit.platform.engine.support.hierarchical.NodeTestTask.execute(NodeTestTask.java:95)
	at java.base/java.util.ArrayList.forEach(ArrayList.java:1511)
	at org.junit.platform.engine.support.hierarchical.SameThreadHierarchicalTestExecutorService.invokeAll(SameThreadHierarchicalTestExecutorService.java:41)
	at org.junit.platform.engine.support.hierarchical.NodeTestTask.lambda$executeRecursively$6(NodeTestTask.java:155)
	at org.junit.platform.engine.support.hierarchical.ThrowableCollector.execute(ThrowableCollector.java:73)
	at org.junit.platform.engine.support.hierarchical.NodeTestTask.lambda$executeRecursively$8(NodeTestTask.java:141)
	at org.junit.platform.engine.support.hierarchical.Node.around(Node.java:137)
	at org.junit.platform.engine.support.hierarchical.NodeTestTask.lambda$executeRecursively$9(NodeTestTask.java:139)
	at org.junit.platform.engine.support.hierarchical.ThrowableCollector.execute(ThrowableCollector.java:73)
	at org.junit.platform.engine.support.hierarchical.NodeTestTask.executeRecursively(NodeTestTask.java:138)
	at org.junit.platform.engine.support.hierarchical.NodeTestTask.execute(NodeTestTask.java:95)
	at org.junit.platform.engine.support.hierarchical.SameThreadHierarchicalTestExecutorService.submit(SameThreadHierarchicalTestExecutorService.java:35)
	at org.junit.platform.engine.support.hierarchical.HierarchicalTestExecutor.execute(HierarchicalTestExecutor.java:57)
	at org.junit.platform.engine.support.hierarchical.HierarchicalTestEngine.execute(HierarchicalTestEngine.java:54)
	at org.junit.platform.launcher.core.EngineExecutionOrchestrator.execute(EngineExecutionOrchestrator.java:147)
	at org.junit.platform.launcher.core.EngineExecutionOrchestrator.execute(EngineExecutionOrchestrator.java:127)
	at org.junit.platform.launcher.core.EngineExecutionOrchestrator.execute(EngineExecutionOrchestrator.java:90)
	at org.junit.platform.launcher.core.EngineExecutionOrchestrator.lambda$execute$0(EngineExecutionOrchestrator.java:55)
	at org.junit.platform.launcher.core.EngineExecutionOrchestrator.withInterceptedStreams(EngineExecutionOrchestrator.java:102)
	at org.junit.platform.launcher.core.EngineExecutionOrchestrator.execute(EngineExecutionOrchestrator.java:54)
	at org.junit.platform.launcher.core.DefaultLauncher.execute(DefaultLauncher.java:114)
	at org.junit.platform.launcher.core.DefaultLauncher.execute(DefaultLauncher.java:86)
	at org.junit.platform.launcher.core.DefaultLauncherSession$DelegatingLauncher.execute(DefaultLauncherSession.java:86)
	at org.junit.platform.launcher.core.SessionPerRequestLauncher.execute(SessionPerRequestLauncher.java:53)
	at com.intellij.junit5.JUnit5IdeaTestRunner.startRunnerWithArgs(JUnit5IdeaTestRunner.java:57)
	at com.intellij.rt.junit.IdeaTestRunner$Repeater$1.execute(IdeaTestRunner.java:38)
	at com.intellij.rt.execution.junit.TestsRepeater.repeat(TestsRepeater.java:11)
	at com.intellij.rt.junit.IdeaTestRunner$Repeater.startRunnerWithArgs(IdeaTestRunner.java:35)
	at com.intellij.rt.junit.JUnitStarter.prepareStreamsAndStart(JUnitStarter.java:235)
	at com.intellij.rt.junit.JUnitStarter.main(JUnitStarter.java:54)
[2022-11-29 15:49:42] [INFO ] [PacienteDAOH2:37] Se creó la tabla
[2022-11-29 15:49:42] [INFO ] [PacienteDAOH2:67] Se trajo el paciente: Paciente{user='userP2', password='passP2', nombre='Juanito', apellido='rodilla', domicilio='Calle 123 numero 123', DNI=20200, fechaAlta=9/nov/2022}
[2022-11-29 15:54:02] [INFO ] [PacienteDAOH2:37] Se creó la tabla
[2022-11-29 15:54:08] [INFO ] [PacienteDAOH2:37] Se creó la tabla
[2022-11-29 15:54:08] [INFO ] [PacienteDAOH2:94] Se guardo el paciente:Paciente{user='userP1', password='passP1', nombre='Dolores', apellido='cadera', domicilio='P sherman calle wallaby 42 sydney', DNI=10100, fechaAlta=8/nov/2022}
[2022-11-29 15:54:08] [INFO ] [PacienteDAOH2:94] Se guardo el paciente:Paciente{user='userP2', password='passP2', nombre='Juanito', apellido='rodilla', domicilio='Calle 123 numero 123', DNI=20200, fechaAlta=9/nov/2022}
[2022-11-29 15:54:08] [INFO ] [PacienteDAOH2:94] Se guardo el paciente:Paciente{user='userP3', password='passP3', nombre='Marcelo', apellido='suckma', domicilio='Streetway to heaven', DNI=30300, fechaAlta=10/nov/2022}
[2022-11-29 15:54:08] [INFO ] [PacienteDAOH2:113] Se elimino el paciente con DNI: 20200
[2022-11-29 15:54:08] [INFO ] [PacienteDAOH2:37] Se creó la tabla
[2022-11-29 15:54:08] [INFO ] [PacienteDAOH2:94] Se guardo el paciente:Paciente{user='userP1', password='passP1', nombre='Dolores', apellido='cadera', domicilio='P sherman calle wallaby 42 sydney', DNI=10100, fechaAlta=8/nov/2022}
[2022-11-29 15:54:08] [INFO ] [PacienteDAOH2:94] Se guardo el paciente:Paciente{user='userP2', password='passP2', nombre='Juanito', apellido='rodilla', domicilio='Calle 123 numero 123', DNI=20200, fechaAlta=9/nov/2022}
[2022-11-29 15:54:08] [INFO ] [PacienteDAOH2:94] Se guardo el paciente:Paciente{user='userP3', password='passP3', nombre='Marcelo', apellido='suckma', domicilio='Streetway to heaven', DNI=30300, fechaAlta=10/nov/2022}
[2022-11-29 15:54:08] [INFO ] [PacienteDAOH2:69] Se trajo el paciente: Paciente{user='userP2', password='passP2', nombre='Juanito', apellido='rodilla', domicilio='Calle 123 numero 123', DNI=20200, fechaAlta=9/nov/2022}
[2022-11-29 15:54:08] [INFO ] [PacienteDAOH2:37] Se creó la tabla
[2022-11-29 15:54:08] [INFO ] [PacienteDAOH2:94] Se guardo el paciente:Paciente{user='userP1', password='passP1', nombre='Dolores', apellido='cadera', domicilio='P sherman calle wallaby 42 sydney', DNI=10100, fechaAlta=8/nov/2022}
[2022-11-29 15:54:08] [INFO ] [PacienteDAOH2:94] Se guardo el paciente:Paciente{user='userX', password='passX', nombre='Actualizado', apellido='Actualizado', domicilio='P sherman calle ACTUALIZADO', DNI=99999, fechaAlta=X/XXX/XXXX}
[2022-11-29 15:54:08] [INFO ] [PacienteDAOH2:136] Se actualizo el paciente 10100 a Paciente{user='userX', password='passX', nombre='Actualizado', apellido='Actualizado', domicilio='P sherman calle ACTUALIZADO', DNI=99999, fechaAlta=X/XXX/XXXX}
[2022-11-29 15:54:08] [INFO ] [PacienteDAOH2:37] Se creó la tabla
[2022-11-29 15:54:08] [INFO ] [PacienteDAOH2:94] Se guardo el paciente:Paciente{user='userP1', password='passP1', nombre='Dolores', apellido='cadera', domicilio='P sherman calle wallaby 42 sydney', DNI=10100, fechaAlta=8/nov/2022}
[2022-11-29 15:54:08] [INFO ] [PacienteDAOH2:94] Se guardo el paciente:Paciente{user='userP2', password='passP2', nombre='Juanito', apellido='rodilla', domicilio='Calle 123 numero 123', DNI=20200, fechaAlta=9/nov/2022}
[2022-11-29 15:54:08] [INFO ] [PacienteDAOH2:94] Se guardo el paciente:Paciente{user='userP3', password='passP3', nombre='Marcelo', apellido='suckma', domicilio='Streetway to heaven', DNI=30300, fechaAlta=10/nov/2022}
[2022-11-29 15:54:08] [INFO ] [PacienteDAOH2:37] Se creó la tabla
[2022-11-29 15:54:08] [INFO ] [PacienteDAOH2:37] Se creó la tabla
[2022-11-29 15:54:08] [INFO ] [PacienteDAOH2:94] Se guardo el paciente:Paciente{user='userP1', password='passP1', nombre='Dolores', apellido='cadera', domicilio='P sherman calle wallaby 42 sydney', DNI=10100, fechaAlta=8/nov/2022}
[2022-11-29 17:30:13] [INFO ] [OdontologoDAOH2:160] Se trajo un odontologo: Odontologo{user='user1', password='pass1', nombre='Pablo', apellido='cadenas', matricula=1}
[2022-11-29 17:30:13] [INFO ] [OdontologoDAOH2:160] Se trajo un odontologo: Odontologo{user='user2', password='pass2', nombre='Pedro', apellido='naranjas', matricula=2}
[2022-11-29 17:30:13] [INFO ] [OdontologoDAOH2:160] Se trajo un odontologo: Odontologo{user='user3', password='pass3', nombre='Armando', apellido='Fierros', matricula=3}
[2022-11-29 17:34:10] [INFO ] [OdontologoDAOH2:160] Se trajo un odontologo: Odontologo{user='user1', password='pass1', nombre='Pablo', apellido='cadenas', matricula=1}
[2022-11-29 17:34:10] [INFO ] [OdontologoDAOH2:160] Se trajo un odontologo: Odontologo{user='user2', password='pass2', nombre='Pedro', apellido='naranjas', matricula=2}
[2022-11-29 17:34:10] [INFO ] [OdontologoDAOH2:160] Se trajo un odontologo: Odontologo{user='user3', password='pass3', nombre='Armando', apellido='Fierros', matricula=3}
[2022-11-29 17:35:50] [INFO ] [OdontologoDAOH2:160] Se trajo un odontologo: Odontologo{user='user1', password='pass1', nombre='Pablo', apellido='cadenas', matricula=1}
[2022-11-29 17:35:50] [INFO ] [OdontologoDAOH2:160] Se trajo un odontologo: Odontologo{user='user2', password='pass2', nombre='Pedro', apellido='naranjas', matricula=2}
[2022-11-29 17:35:50] [INFO ] [OdontologoDAOH2:160] Se trajo un odontologo: Odontologo{user='user3', password='pass3', nombre='Armando', apellido='Fierros', matricula=3}
[2022-11-29 17:40:50] [INFO ] [OdontologoDAOH2:160] Se trajo un odontologo: Odontologo{user='user1', password='pass1', nombre='Pablo', apellido='cadenas', matricula=1}
[2022-11-29 17:40:50] [INFO ] [OdontologoDAOH2:160] Se trajo un odontologo: Odontologo{user='user2', password='pass2', nombre='Pedro', apellido='naranjas', matricula=2}
[2022-11-29 17:40:50] [INFO ] [OdontologoDAOH2:160] Se trajo un odontologo: Odontologo{user='user3', password='pass3', nombre='Armando', apellido='Fierros', matricula=3}
[2022-11-29 17:42:50] [INFO ] [OdontologoDAOH2:160] Se trajo un odontologo: Odontologo{user='user1', password='pass1', nombre='Pablo', apellido='cadenas', matricula=1}
[2022-11-29 17:42:50] [INFO ] [OdontologoDAOH2:160] Se trajo un odontologo: Odontologo{user='user2', password='pass2', nombre='Pedro', apellido='naranjas', matricula=2}
[2022-11-29 17:42:50] [INFO ] [OdontologoDAOH2:160] Se trajo un odontologo: Odontologo{user='user3', password='pass3', nombre='Armando', apellido='Fierros', matricula=3}
[2022-11-29 17:48:53] [INFO ] [OdontologoDAOH2:160] Se trajo un odontologo: Odontologo{user='user1', password='pass1', nombre='Pablo', apellido='cadenas', matricula=1}
[2022-11-29 17:48:53] [INFO ] [OdontologoDAOH2:160] Se trajo un odontologo: Odontologo{user='user2', password='pass2', nombre='Pedro', apellido='naranjas', matricula=2}
[2022-11-29 17:48:53] [INFO ] [OdontologoDAOH2:160] Se trajo un odontologo: Odontologo{user='user3', password='pass3', nombre='Armando', apellido='Fierros', matricula=3}
[2022-11-29 17:48:54] [INFO ] [OdontologoDAOH2:160] Se trajo un odontologo: Odontologo{user='user1', password='pass1', nombre='Pablo', apellido='cadenas', matricula=1}
[2022-11-29 17:48:54] [INFO ] [OdontologoDAOH2:160] Se trajo un odontologo: Odontologo{user='user2', password='pass2', nombre='Pedro', apellido='naranjas', matricula=2}
[2022-11-29 17:48:54] [INFO ] [OdontologoDAOH2:160] Se trajo un odontologo: Odontologo{user='user3', password='pass3', nombre='Armando', apellido='Fierros', matricula=3}
[2022-11-29 17:48:54] [INFO ] [OdontologoDAOH2:160] Se trajo un odontologo: Odontologo{user='user1', password='pass1', nombre='Pablo', apellido='cadenas', matricula=1}
[2022-11-29 17:48:54] [INFO ] [OdontologoDAOH2:160] Se trajo un odontologo: Odontologo{user='user2', password='pass2', nombre='Pedro', apellido='naranjas', matricula=2}
[2022-11-29 17:48:54] [INFO ] [OdontologoDAOH2:160] Se trajo un odontologo: Odontologo{user='user3', password='pass3', nombre='Armando', apellido='Fierros', matricula=3}
[2022-11-29 17:49:34] [INFO ] [OdontologoDAOH2:160] Se trajo un odontologo: Odontologo{user='user1', password='pass1', nombre='Pablo', apellido='cadenas', matricula=1}
[2022-11-29 17:49:34] [INFO ] [OdontologoDAOH2:160] Se trajo un odontologo: Odontologo{user='user2', password='pass2', nombre='Pedro', apellido='naranjas', matricula=2}
[2022-11-29 17:49:34] [INFO ] [OdontologoDAOH2:160] Se trajo un odontologo: Odontologo{user='user3', password='pass3', nombre='Armando', apellido='Fierros', matricula=3}
[2022-11-29 17:49:58] [INFO ] [OdontologoDAOH2:160] Se trajo un odontologo: Odontologo{user='user1', password='pass1', nombre='Pablo', apellido='cadenas', matricula=1}
[2022-11-29 17:49:58] [INFO ] [OdontologoDAOH2:160] Se trajo un odontologo: Odontologo{user='user2', password='pass2', nombre='Pedro', apellido='naranjas', matricula=2}
[2022-11-29 17:49:58] [INFO ] [OdontologoDAOH2:160] Se trajo un odontologo: Odontologo{user='user3', password='pass3', nombre='Armando', apellido='Fierros', matricula=3}
[2022-11-29 17:52:20] [INFO ] [OdontologoDAOH2:160] Se trajo un odontologo: Odontologo{user='user1', password='pass1', nombre='Pablo', apellido='cadenas', matricula=1}
[2022-11-29 17:52:20] [INFO ] [OdontologoDAOH2:160] Se trajo un odontologo: Odontologo{user='user2', password='pass2', nombre='Pedro', apellido='naranjas', matricula=2}
[2022-11-29 17:52:20] [INFO ] [OdontologoDAOH2:160] Se trajo un odontologo: Odontologo{user='user3', password='pass3', nombre='Armando', apellido='Fierros', matricula=3}
[2022-12-01 16:41:30] [INFO ] [OdontologoDAOH2:160] Se trajo un odontologo: Odontologo{user='user1', password='pass1', nombre='Pablo', apellido='cadenas', matricula=1}
[2022-12-01 16:41:30] [INFO ] [OdontologoDAOH2:160] Se trajo un odontologo: Odontologo{user='user2', password='pass2', nombre='Pedro', apellido='naranjas', matricula=2}
[2022-12-01 16:41:30] [INFO ] [OdontologoDAOH2:160] Se trajo un odontologo: Odontologo{user='user3', password='pass3', nombre='Armando', apellido='Fierros', matricula=3}
[2022-12-01 16:41:45] [INFO ] [OdontologoDAOH2:160] Se trajo un odontologo: Odontologo{user='user1', password='pass1', nombre='Pablo', apellido='cadenas', matricula=1}
[2022-12-01 16:41:45] [INFO ] [OdontologoDAOH2:160] Se trajo un odontologo: Odontologo{user='user2', password='pass2', nombre='Pedro', apellido='naranjas', matricula=2}
[2022-12-01 16:41:45] [INFO ] [OdontologoDAOH2:160] Se trajo un odontologo: Odontologo{user='user3', password='pass3', nombre='Armando', apellido='Fierros', matricula=3}
[2022-12-01 16:42:57] [INFO ] [OdontologoDAOH2:160] Se trajo un odontologo: Odontologo{user='user1', password='pass1', nombre='Pablo', apellido='cadenas', matricula=1}
[2022-12-01 16:42:57] [INFO ] [OdontologoDAOH2:160] Se trajo un odontologo: Odontologo{user='user2', password='pass2', nombre='Pedro', apellido='naranjas', matricula=2}
[2022-12-01 16:42:57] [INFO ] [OdontologoDAOH2:160] Se trajo un odontologo: Odontologo{user='user3', password='pass3', nombre='Armando', apellido='Fierros', matricula=3}
[2022-12-01 16:51:51] [INFO ] [OdontologoDAOH2:160] Se trajo un odontologo: Odontologo{user='user1', password='pass1', nombre='Pablo', apellido='cadenas', matricula=1}
[2022-12-01 16:51:51] [INFO ] [OdontologoDAOH2:160] Se trajo un odontologo: Odontologo{user='user2', password='pass2', nombre='Pedro', apellido='naranjas', matricula=2}
[2022-12-01 16:51:51] [INFO ] [OdontologoDAOH2:160] Se trajo un odontologo: Odontologo{user='user3', password='pass3', nombre='Armando', apellido='Fierros', matricula=3}
[2022-12-01 17:02:35] [INFO ] [OdontologoDAOH2:160] Se trajo un odontologo: Odontologo{user='user1', password='pass1', nombre='Pablo', apellido='cadenas', matricula=1}
[2022-12-01 17:02:35] [INFO ] [OdontologoDAOH2:160] Se trajo un odontologo: Odontologo{user='user2', password='pass2', nombre='Pedro', apellido='naranjas', matricula=2}
[2022-12-01 17:02:35] [INFO ] [OdontologoDAOH2:160] Se trajo un odontologo: Odontologo{user='user3', password='pass3', nombre='Armando', apellido='Fierros', matricula=3}
[2022-12-01 17:06:55] [INFO ] [OdontologoDAOH2:160] Se trajo un odontologo: Odontologo{user='user1', password='pass1', nombre='Pablo', apellido='cadenas', matricula=1}
[2022-12-01 17:06:55] [INFO ] [OdontologoDAOH2:160] Se trajo un odontologo: Odontologo{user='user2', password='pass2', nombre='Pedro', apellido='naranjas', matricula=2}
[2022-12-01 17:06:55] [INFO ] [OdontologoDAOH2:160] Se trajo un odontologo: Odontologo{user='user3', password='pass3', nombre='Armando', apellido='Fierros', matricula=3}
[2022-12-01 17:18:39] [INFO ] [OdontologoDAOH2:160] Se trajo un odontologo: Odontologo{user='user1', password='pass1', nombre='Pablo', apellido='cadenas', matricula=1}
[2022-12-01 17:18:39] [INFO ] [OdontologoDAOH2:160] Se trajo un odontologo: Odontologo{user='user2', password='pass2', nombre='Pedro', apellido='naranjas', matricula=2}
[2022-12-01 17:18:39] [INFO ] [OdontologoDAOH2:160] Se trajo un odontologo: Odontologo{user='user3', password='pass3', nombre='Armando', apellido='Fierros', matricula=3}
[2022-12-01 17:19:20] [INFO ] [OdontologoDAOH2:160] Se trajo un odontologo: Odontologo{user='user1', password='pass1', nombre='Pablo', apellido='cadenas', matricula=1}
[2022-12-01 17:19:20] [INFO ] [OdontologoDAOH2:160] Se trajo un odontologo: Odontologo{user='user2', password='pass2', nombre='Pedro', apellido='naranjas', matricula=2}
[2022-12-01 17:19:20] [INFO ] [OdontologoDAOH2:160] Se trajo un odontologo: Odontologo{user='user3', password='pass3', nombre='Armando', apellido='Fierros', matricula=3}
[2022-12-01 17:22:10] [INFO ] [OdontologoDAOH2:160] Se trajo un odontologo: Odontologo{user='user1', password='pass1', nombre='Pablo', apellido='cadenas', matricula=1}
[2022-12-01 17:22:10] [INFO ] [OdontologoDAOH2:160] Se trajo un odontologo: Odontologo{user='user2', password='pass2', nombre='Pedro', apellido='naranjas', matricula=2}
[2022-12-01 17:22:10] [INFO ] [OdontologoDAOH2:160] Se trajo un odontologo: Odontologo{user='user3', password='pass3', nombre='Armando', apellido='Fierros', matricula=3}
[2022-12-01 17:22:30] [INFO ] [OdontologoDAOH2:160] Se trajo un odontologo: Odontologo{user='user1', password='pass1', nombre='Pablo', apellido='cadenas', matricula=1}
[2022-12-01 17:22:30] [INFO ] [OdontologoDAOH2:160] Se trajo un odontologo: Odontologo{user='user2', password='pass2', nombre='Pedro', apellido='naranjas', matricula=2}
[2022-12-01 17:22:30] [INFO ] [OdontologoDAOH2:160] Se trajo un odontologo: Odontologo{user='user3', password='pass3', nombre='Armando', apellido='Fierros', matricula=3}
[2022-12-01 17:29:48] [INFO ] [OdontologoDAOH2:160] Se trajo un odontologo: Odontologo{user='user1', password='pass1', nombre='Pablo', apellido='cadenas', matricula=1}
[2022-12-01 17:29:48] [INFO ] [OdontologoDAOH2:160] Se trajo un odontologo: Odontologo{user='user2', password='pass2', nombre='Pedro', apellido='naranjas', matricula=2}
[2022-12-01 17:29:48] [INFO ] [OdontologoDAOH2:160] Se trajo un odontologo: Odontologo{user='user3', password='pass3', nombre='Armando', apellido='Fierros', matricula=3}
[2022-12-01 17:30:26] [INFO ] [OdontologoDAOH2:160] Se trajo un odontologo: Odontologo{user='user1', password='pass1', nombre='Pablo', apellido='cadenas', matricula=1}
[2022-12-01 17:30:26] [INFO ] [OdontologoDAOH2:160] Se trajo un odontologo: Odontologo{user='user2', password='pass2', nombre='Pedro', apellido='naranjas', matricula=2}
[2022-12-01 17:30:26] [INFO ] [OdontologoDAOH2:160] Se trajo un odontologo: Odontologo{user='user3', password='pass3', nombre='Armando', apellido='Fierros', matricula=3}
[2022-12-01 17:32:20] [INFO ] [OdontologoDAOH2:160] Se trajo un odontologo: Odontologo{user='user1', password='pass1', nombre='Pablo', apellido='cadenas', matricula=1}
[2022-12-01 17:32:20] [INFO ] [OdontologoDAOH2:160] Se trajo un odontologo: Odontologo{user='user2', password='pass2', nombre='Pedro', apellido='naranjas', matricula=2}
[2022-12-01 17:32:20] [INFO ] [OdontologoDAOH2:160] Se trajo un odontologo: Odontologo{user='user3', password='pass3', nombre='Armando', apellido='Fierros', matricula=3}
[2022-12-01 17:32:56] [INFO ] [OdontologoDAOH2:160] Se trajo un odontologo: Odontologo{user='user1', password='pass1', nombre='Pablo', apellido='cadenas', matricula=1}
[2022-12-01 17:32:56] [INFO ] [OdontologoDAOH2:160] Se trajo un odontologo: Odontologo{user='user2', password='pass2', nombre='Pedro', apellido='naranjas', matricula=2}
[2022-12-01 17:32:56] [INFO ] [OdontologoDAOH2:160] Se trajo un odontologo: Odontologo{user='user3', password='pass3', nombre='Armando', apellido='Fierros', matricula=3}
[2022-12-01 17:33:04] [INFO ] [OdontologoDAOH2:160] Se trajo un odontologo: Odontologo{user='user1', password='pass1', nombre='Pablo', apellido='cadenas', matricula=1}
[2022-12-01 17:33:04] [INFO ] [OdontologoDAOH2:160] Se trajo un odontologo: Odontologo{user='user2', password='pass2', nombre='Pedro', apellido='naranjas', matricula=2}
[2022-12-01 17:33:04] [INFO ] [OdontologoDAOH2:160] Se trajo un odontologo: Odontologo{user='user3', password='pass3', nombre='Armando', apellido='Fierros', matricula=3}
[2022-12-01 17:33:12] [INFO ] [OdontologoDAOH2:160] Se trajo un odontologo: Odontologo{user='user1', password='pass1', nombre='Pablo', apellido='cadenas', matricula=1}
[2022-12-01 17:33:12] [INFO ] [OdontologoDAOH2:160] Se trajo un odontologo: Odontologo{user='user2', password='pass2', nombre='Pedro', apellido='naranjas', matricula=2}
[2022-12-01 17:33:12] [INFO ] [OdontologoDAOH2:160] Se trajo un odontologo: Odontologo{user='user3', password='pass3', nombre='Armando', apellido='Fierros', matricula=3}
[2022-12-01 17:35:07] [INFO ] [OdontologoDAOH2:160] Se trajo un odontologo: Odontologo{user='user1', password='pass1', nombre='Pablo', apellido='cadenas', matricula=1}
[2022-12-01 17:35:07] [INFO ] [OdontologoDAOH2:160] Se trajo un odontologo: Odontologo{user='user2', password='pass2', nombre='Pedro', apellido='naranjas', matricula=2}
[2022-12-01 17:35:07] [INFO ] [OdontologoDAOH2:160] Se trajo un odontologo: Odontologo{user='user3', password='pass3', nombre='Armando', apellido='Fierros', matricula=3}
[2022-12-01 17:35:32] [INFO ] [OdontologoDAOH2:160] Se trajo un odontologo: Odontologo{user='user1', password='pass1', nombre='Pablo', apellido='cadenas', matricula=1}
[2022-12-01 17:35:32] [INFO ] [OdontologoDAOH2:160] Se trajo un odontologo: Odontologo{user='user2', password='pass2', nombre='Pedro', apellido='naranjas', matricula=2}
[2022-12-01 17:35:32] [INFO ] [OdontologoDAOH2:160] Se trajo un odontologo: Odontologo{user='user3', password='pass3', nombre='Armando', apellido='Fierros', matricula=3}
[2022-12-01 17:38:59] [INFO ] [OdontologoDAOH2:160] Se trajo un odontologo: Odontologo{user='user1', password='pass1', nombre='Pablo', apellido='cadenas', matricula=1}
[2022-12-01 17:38:59] [INFO ] [OdontologoDAOH2:160] Se trajo un odontologo: Odontologo{user='user2', password='pass2', nombre='Pedro', apellido='naranjas', matricula=2}
[2022-12-01 17:38:59] [INFO ] [OdontologoDAOH2:160] Se trajo un odontologo: Odontologo{user='user3', password='pass3', nombre='Armando', apellido='Fierros', matricula=3}
[2022-12-01 17:40:31] [INFO ] [OdontologoDAOH2:160] Se trajo un odontologo: Odontologo{user='user1', password='pass1', nombre='Pablo', apellido='cadenas', matricula=1}
[2022-12-01 17:40:31] [INFO ] [OdontologoDAOH2:160] Se trajo un odontologo: Odontologo{user='user2', password='pass2', nombre='Pedro', apellido='naranjas', matricula=2}
[2022-12-01 17:40:31] [INFO ] [OdontologoDAOH2:160] Se trajo un odontologo: Odontologo{user='user3', password='pass3', nombre='Armando', apellido='Fierros', matricula=3}
[2022-12-01 17:41:12] [INFO ] [OdontologoDAOH2:160] Se trajo un odontologo: Odontologo{user='user1', password='pass1', nombre='Pablo', apellido='cadenas', matricula=1}
[2022-12-01 17:41:12] [INFO ] [OdontologoDAOH2:160] Se trajo un odontologo: Odontologo{user='user2', password='pass2', nombre='Pedro', apellido='naranjas', matricula=2}
[2022-12-01 17:41:12] [INFO ] [OdontologoDAOH2:160] Se trajo un odontologo: Odontologo{user='user3', password='pass3', nombre='Armando', apellido='Fierros', matricula=3}
[2022-12-01 17:44:11] [INFO ] [OdontologoDAOH2:160] Se trajo un odontologo: Odontologo{user='user1', password='pass1', nombre='Pablo', apellido='cadenas', matricula=1}
[2022-12-01 17:44:11] [INFO ] [OdontologoDAOH2:160] Se trajo un odontologo: Odontologo{user='user2', password='pass2', nombre='Pedro', apellido='naranjas', matricula=2}
[2022-12-01 17:44:11] [INFO ] [OdontologoDAOH2:160] Se trajo un odontologo: Odontologo{user='user3', password='pass3', nombre='Armando', apellido='Fierros', matricula=3}
[2022-12-01 17:44:22] [INFO ] [OdontologoDAOH2:160] Se trajo un odontologo: Odontologo{user='user1', password='pass1', nombre='Pablo', apellido='cadenas', matricula=1}
[2022-12-01 17:44:22] [INFO ] [OdontologoDAOH2:160] Se trajo un odontologo: Odontologo{user='user2', password='pass2', nombre='Pedro', apellido='naranjas', matricula=2}
[2022-12-01 17:44:22] [INFO ] [OdontologoDAOH2:160] Se trajo un odontologo: Odontologo{user='user3', password='pass3', nombre='Armando', apellido='Fierros', matricula=3}
[2022-12-01 17:53:04] [INFO ] [OdontologoDAOH2:160] Se trajo un odontologo: Odontologo{user='user1', password='pass1', nombre='Pablo', apellido='cadenas', matricula=1}
[2022-12-01 17:53:04] [INFO ] [OdontologoDAOH2:160] Se trajo un odontologo: Odontologo{user='user2', password='pass2', nombre='Pedro', apellido='naranjas', matricula=2}
[2022-12-01 17:53:04] [INFO ] [OdontologoDAOH2:160] Se trajo un odontologo: Odontologo{user='user3', password='pass3', nombre='Armando', apellido='Fierros', matricula=3}
[2022-12-01 18:24:54] [INFO ] [OdontologoDAOH2:160] Se trajo un odontologo: Odontologo{user='user1', password='pass1', nombre='Pablo', apellido='cadenas', matricula=1}
[2022-12-01 18:24:54] [INFO ] [OdontologoDAOH2:160] Se trajo un odontologo: Odontologo{user='user2', password='pass2', nombre='Pedro', apellido='naranjas', matricula=2}
[2022-12-01 18:24:54] [INFO ] [OdontologoDAOH2:160] Se trajo un odontologo: Odontologo{user='user3', password='pass3', nombre='Armando', apellido='Fierros', matricula=3}
[2022-12-01 18:25:29] [INFO ] [OdontologoDAOH2:160] Se trajo un odontologo: Odontologo{user='user1', password='pass1', nombre='Pablo', apellido='cadenas', matricula=1}
[2022-12-01 18:25:29] [INFO ] [OdontologoDAOH2:160] Se trajo un odontologo: Odontologo{user='user2', password='pass2', nombre='Pedro', apellido='naranjas', matricula=2}
[2022-12-01 18:25:29] [INFO ] [OdontologoDAOH2:160] Se trajo un odontologo: Odontologo{user='user3', password='pass3', nombre='Armando', apellido='Fierros', matricula=3}
[2022-12-02 09:46:18] [INFO ] [OdontologoDAOH2:160] Se trajo un odontologo: Odontologo{user='user1', password='pass1', nombre='Pablo', apellido='cadenas', matricula=1}
[2022-12-02 09:46:18] [INFO ] [OdontologoDAOH2:160] Se trajo un odontologo: Odontologo{user='user2', password='pass2', nombre='Pedro', apellido='naranjas', matricula=2}
[2022-12-02 09:46:18] [INFO ] [OdontologoDAOH2:160] Se trajo un odontologo: Odontologo{user='user3', password='pass3', nombre='Armando', apellido='Fierros', matricula=3}
[2022-12-02 09:46:39] [INFO ] [OdontologoDAOH2:160] Se trajo un odontologo: Odontologo{user='user1', password='pass1', nombre='Pablo', apellido='cadenas', matricula=1}
[2022-12-02 09:46:39] [INFO ] [OdontologoDAOH2:160] Se trajo un odontologo: Odontologo{user='user2', password='pass2', nombre='Pedro', apellido='naranjas', matricula=2}
[2022-12-02 09:46:39] [INFO ] [OdontologoDAOH2:160] Se trajo un odontologo: Odontologo{user='user3', password='pass3', nombre='Armando', apellido='Fierros', matricula=3}
[2022-12-02 09:54:25] [INFO ] [OdontologoDAOH2:160] Se trajo un odontologo: Odontologo{user='user1', password='pass1', nombre='Pablo', apellido='cadenas', matricula=1}
[2022-12-02 09:54:25] [INFO ] [OdontologoDAOH2:160] Se trajo un odontologo: Odontologo{user='user2', password='pass2', nombre='Pedro', apellido='naranjas', matricula=2}
[2022-12-02 09:54:25] [INFO ] [OdontologoDAOH2:160] Se trajo un odontologo: Odontologo{user='user3', password='pass3', nombre='Armando', apellido='Fierros', matricula=3}
[2022-12-02 09:54:27] [INFO ] [OdontologoDAOH2:160] Se trajo un odontologo: Odontologo{user='user1', password='pass1', nombre='Pablo', apellido='cadenas', matricula=1}
[2022-12-02 09:54:27] [INFO ] [OdontologoDAOH2:160] Se trajo un odontologo: Odontologo{user='user2', password='pass2', nombre='Pedro', apellido='naranjas', matricula=2}
[2022-12-02 09:54:27] [INFO ] [OdontologoDAOH2:160] Se trajo un odontologo: Odontologo{user='user3', password='pass3', nombre='Armando', apellido='Fierros', matricula=3}
[2022-12-02 10:24:24] [INFO ] [OdontologoDAOH2:160] Se trajo un odontologo: Odontologo{user='user1', password='pass1', nombre='Pablo', apellido='cadenas', matricula=1}
[2022-12-02 10:24:24] [INFO ] [OdontologoDAOH2:160] Se trajo un odontologo: Odontologo{user='user2', password='pass2', nombre='Pedro', apellido='naranjas', matricula=2}
[2022-12-02 10:24:24] [INFO ] [OdontologoDAOH2:160] Se trajo un odontologo: Odontologo{user='user3', password='pass3', nombre='Armando', apellido='Fierros', matricula=3}
[2022-12-02 10:32:43] [INFO ] [OdontologoDAOH2:161] Se trajo un odontologo: Odontologo{user='user1', password='pass1', nombre='Pablo', apellido='cadenas', matricula=1}
[2022-12-02 10:32:43] [INFO ] [OdontologoDAOH2:161] Se trajo un odontologo: Odontologo{user='user2', password='pass2', nombre='Pedro', apellido='naranjas', matricula=2}
[2022-12-02 10:32:43] [INFO ] [OdontologoDAOH2:161] Se trajo un odontologo: Odontologo{user='user3', password='pass3', nombre='Armando', apellido='Fierros', matricula=3}
[2022-12-02 10:34:59] [INFO ] [OdontologoDAOH2:92] Se guardo el odontologo:Odontologo{user='USSS', password='PASS', nombre='adrian', apellido='olmos', matricula=123456}
[2022-12-02 10:36:23] [INFO ] [OdontologoDAOH2:92] Se guardo el odontologo:Odontologo{user='UXXX', password='XYXY', nombre='NAIRDA', apellido='SOMOL', matricula=192939}
[2022-12-02 10:36:52] [INFO ] [OdontologoDAOH2:161] Se trajo un odontologo: Odontologo{user='user1', password='pass1', nombre='Pablo', apellido='cadenas', matricula=1}
[2022-12-02 10:36:52] [INFO ] [OdontologoDAOH2:161] Se trajo un odontologo: Odontologo{user='user2', password='pass2', nombre='Pedro', apellido='naranjas', matricula=2}
[2022-12-02 10:36:52] [INFO ] [OdontologoDAOH2:161] Se trajo un odontologo: Odontologo{user='user3', password='pass3', nombre='Armando', apellido='Fierros', matricula=3}
[2022-12-02 10:36:52] [INFO ] [OdontologoDAOH2:161] Se trajo un odontologo: Odontologo{user='USSS', password='PASS', nombre='adrian', apellido='olmos', matricula=123456}
[2022-12-02 10:36:52] [INFO ] [OdontologoDAOH2:161] Se trajo un odontologo: Odontologo{user='UXXX', password='XYXY', nombre='NAIRDA', apellido='SOMOL', matricula=192939}
[2022-12-02 10:37:01] [INFO ] [OdontologoDAOH2:67] Se trajo el odontologo con matricula: 123456
[2022-12-02 10:37:04] [INFO ] [OdontologoDAOH2:67] Se trajo el odontologo con matricula: 1
[2022-12-02 10:47:05] [INFO ] [OdontologoDAOH2:92] Se guardo el odontologo:Odontologo{user='BALEN', password='CIANA', nombre='VALENTINA', apellido='TEJADA', matricula=100203}
[2022-12-02 10:47:22] [INFO ] [OdontologoDAOH2:161] Se trajo un odontologo: Odontologo{user='user1', password='pass1', nombre='Pablo', apellido='cadenas', matricula=1}
[2022-12-02 10:47:22] [INFO ] [OdontologoDAOH2:161] Se trajo un odontologo: Odontologo{user='user2', password='pass2', nombre='Pedro', apellido='naranjas', matricula=2}
[2022-12-02 10:47:22] [INFO ] [OdontologoDAOH2:161] Se trajo un odontologo: Odontologo{user='user3', password='pass3', nombre='Armando', apellido='Fierros', matricula=3}
[2022-12-02 10:47:22] [INFO ] [OdontologoDAOH2:161] Se trajo un odontologo: Odontologo{user='BALEN', password='CIANA', nombre='VALENTINA', apellido='TEJADA', matricula=100203}
[2022-12-02 10:47:22] [INFO ] [OdontologoDAOH2:161] Se trajo un odontologo: Odontologo{user='USSS', password='PASS', nombre='adrian', apellido='olmos', matricula=123456}
[2022-12-02 10:47:22] [INFO ] [OdontologoDAOH2:161] Se trajo un odontologo: Odontologo{user='UXXX', password='XYXY', nombre='NAIRDA', apellido='SOMOL', matricula=192939}
[2022-12-02 11:05:05] [INFO ] [OdontologoDAOH2:161] Se trajo un odontologo: Odontologo{user='user1', password='pass1', nombre='Pablo', apellido='cadenas', matricula=1}
[2022-12-02 11:05:05] [INFO ] [OdontologoDAOH2:161] Se trajo un odontologo: Odontologo{user='user2', password='pass2', nombre='Pedro', apellido='naranjas', matricula=2}
[2022-12-02 11:05:05] [INFO ] [OdontologoDAOH2:161] Se trajo un odontologo: Odontologo{user='user3', password='pass3', nombre='Armando', apellido='Fierros', matricula=3}
[2022-12-02 11:05:05] [INFO ] [OdontologoDAOH2:161] Se trajo un odontologo: Odontologo{user='BALEN', password='CIANA', nombre='VALENTINA', apellido='TEJADA', matricula=100203}
[2022-12-02 11:05:05] [INFO ] [OdontologoDAOH2:161] Se trajo un odontologo: Odontologo{user='USSS', password='PASS', nombre='adrian', apellido='olmos', matricula=123456}
[2022-12-02 11:05:05] [INFO ] [OdontologoDAOH2:161] Se trajo un odontologo: Odontologo{user='UXXX', password='XYXY', nombre='NAIRDA', apellido='SOMOL', matricula=192939}
[2022-12-02 11:10:21] [INFO ] [OdontologoDAOH2:161] Se trajo un odontologo: Odontologo{user='user1', password='pass1', nombre='Pablo', apellido='cadenas', matricula=1}
[2022-12-02 11:10:21] [INFO ] [OdontologoDAOH2:161] Se trajo un odontologo: Odontologo{user='user2', password='pass2', nombre='Pedro', apellido='naranjas', matricula=2}
[2022-12-02 11:10:21] [INFO ] [OdontologoDAOH2:161] Se trajo un odontologo: Odontologo{user='user3', password='pass3', nombre='Armando', apellido='Fierros', matricula=3}
[2022-12-02 11:10:21] [INFO ] [OdontologoDAOH2:161] Se trajo un odontologo: Odontologo{user='BALEN', password='CIANA', nombre='VALENTINA', apellido='TEJADA', matricula=100203}
[2022-12-02 11:10:21] [INFO ] [OdontologoDAOH2:161] Se trajo un odontologo: Odontologo{user='USSS', password='PASS', nombre='adrian', apellido='olmos', matricula=123456}
[2022-12-02 11:10:21] [INFO ] [OdontologoDAOH2:161] Se trajo un odontologo: Odontologo{user='UXXX', password='XYXY', nombre='NAIRDA', apellido='SOMOL', matricula=192939}
